*********************************************************************
* LD Score Regression (LDSC)
* Version 1.0.1
* (C) 2014-2019 Brendan Bulik-Sullivan and Hilary Finucane
* Broad Institute of MIT and Harvard / MIT Department of Mathematics
* GNU General Public License v3
*********************************************************************
Call: 
./munge_sumstats.py \
--out /rds/general/user/aa19618/home/ldsc/GWAS_munge/AD_Kunkle_ldsc \
--merge-alleles /rds/general/user/aa19618/home/ldsc/w_hm3.snplist \
--a1-inc  \
--N-con 41944.0 \
--chunksize 500000 \
--N-cas 21982.0 \
--sumstats /rds/general/user/aa19618/home/HMAGMA/GWAS_Summary/AD_files/Kunkle_etal_Stage1_results.txt 

Interpreting column names as follows:
Effect_allele:	Allele 1, interpreted as ref allele for signed sumstat.
MarkerName:	Variant ID (e.g., rs number)
Pvalue:	p-Value
Non_Effect_allele:	Allele 2, interpreted as non-ref allele for signed sumstat.

Reading list of SNPs for allele merge from /rds/general/user/aa19618/home/ldsc/w_hm3.snplist
Read 1217311 SNPs for allele merge.
Reading sumstats from /rds/general/user/aa19618/home/HMAGMA/GWAS_Summary/AD_files/Kunkle_etal_Stage1_results.txt into memory 500000 SNPs at a time.
WARNING: 1 SNPs had P outside of (0,1]. The P column may be mislabeled.
Read 11480632 SNPs from --sumstats file.
Removed 10271272 SNPs not in --merge-alleles.
Removed 2287 SNPs with missing values.
Removed 0 SNPs with INFO <= 0.9.
Removed 0 SNPs with MAF <= 0.01.
Removed 1 SNPs with out-of-bounds p-values.
Removed 0 variants that were not SNPs or were strand-ambiguous.
1207072 SNPs remain.
Removed 0 SNPs with duplicated rs numbers (1207072 SNPs remain).
Removed 0 SNPs whose alleles did not match --merge-alleles (1207072 SNPs remain).
Writing summary statistics for 1217311 SNPs (1207072 with nonmissing beta) to /rds/general/user/aa19618/home/ldsc/GWAS_munge/AD_Kunkle_ldsc.sumstats.gz.

Metadata:
Mean chi^2 = 1.117
Lambda GC = 1.091
Max chi^2 = 689.858
217 Genome-wide significant SNPs (some may have been removed by filtering).

Conversion finished at Wed Jun  7 15:43:44 2023
Total time elapsed: 36.87s
