*********************************************************************
* LD Score Regression (LDSC)
* Version 1.0.1
* (C) 2014-2019 Brendan Bulik-Sullivan and Hilary Finucane
* Broad Institute of MIT and Harvard / MIT Department of Mathematics
* GNU General Public License v3
*********************************************************************
Call: 
./munge_sumstats.py \
--out /rds/general/user/aa19618/home/ldsc/GWAS_munge/ALS_rheenen_ldsc \
--merge-alleles /rds/general/user/aa19618/home/ldsc/w_hm3.snplist \
--a1-inc  \
--frq effect_allele_frequency \
--chunksize 500000 \
--N 138086.0 \
--sumstats /rds/general/user/aa19618/home/HMAGMA/GWAS_Summary/ALS_files/GCST90027164_buildGRCh37_renamed.tsv 

Interpreting column names as follows:
A1:	Allele 1, interpreted as ref allele for signed sumstat.
P:	p-Value
A2:	Allele 2, interpreted as non-ref allele for signed sumstat.
effect_allele_frequency:	Allele frequency
SNP:	Variant ID (e.g., rs number)

Reading list of SNPs for allele merge from /rds/general/user/aa19618/home/ldsc/w_hm3.snplist
Read 1217311 SNPs for allele merge.
Reading sumstats from /rds/general/user/aa19618/home/HMAGMA/GWAS_Summary/ALS_files/GCST90027164_buildGRCh37_renamed.tsv into memory 500000 SNPs at a time.
Read 10461755 SNPs from --sumstats file.
Removed 9284534 SNPs not in --merge-alleles.
Removed 0 SNPs with missing values.
Removed 0 SNPs with INFO <= 0.9.
Removed 20948 SNPs with MAF <= 0.01.
Removed 0 SNPs with out-of-bounds p-values.
Removed 0 variants that were not SNPs or were strand-ambiguous.
1156273 SNPs remain.
Removed 0 SNPs with duplicated rs numbers (1156273 SNPs remain).
Using N = 138086.0
Removed 2 SNPs whose alleles did not match --merge-alleles (1156271 SNPs remain).
Writing summary statistics for 1217311 SNPs (1156271 with nonmissing beta) to /rds/general/user/aa19618/home/ldsc/GWAS_munge/ALS_rheenen_ldsc.sumstats.gz.

Metadata:
Mean chi^2 = 1.134
Lambda GC = 1.107
Max chi^2 = 185.849
109 Genome-wide significant SNPs (some may have been removed by filtering).

Conversion finished at Fri Apr 21 16:57:47 2023
Total time elapsed: 34.34s
