*********************************************************************
* LD Score Regression (LDSC)
* Version 1.0.1
* (C) 2014-2019 Brendan Bulik-Sullivan and Hilary Finucane
* Broad Institute of MIT and Harvard / MIT Department of Mathematics
* GNU General Public License v3
*********************************************************************
Call: 
./munge_sumstats.py \
--out /rds/general/user/aa19618/home/ldsc/GWAS_munge/LBD_e4_pos_Kaivola_ldsc \
--merge-alleles /rds/general/user/aa19618/home/ldsc/w_hm3.snplist \
--a1-inc  \
--chunksize 500000 \
--sumstats /rds/general/user/aa19618/home/HMAGMA/GWAS_Summary/LBD_files/e4_pos/GCST90093378_buildGRCh37.tsv 

Interpreting column names as follows:
N_CAS:	Number of cases
A1:	Allele 1, interpreted as ref allele for signed sumstat.
P:	p-Value
FRQ:	Allele frequency
A2:	Allele 2, interpreted as non-ref allele for signed sumstat.
SNP:	Variant ID (e.g., rs number)
N_CON:	Number of controls

Reading list of SNPs for allele merge from /rds/general/user/aa19618/home/ldsc/w_hm3.snplist
Read 1217311 SNPs for allele merge.
Reading sumstats from /rds/general/user/aa19618/home/HMAGMA/GWAS_Summary/LBD_files/e4_pos/GCST90093378_buildGRCh37.tsv into memory 500000 SNPs at a time.
Read 3931980 SNPs from --sumstats file.
Removed 3404234 SNPs not in --merge-alleles.
Removed 0 SNPs with missing values.
Removed 0 SNPs with INFO <= 0.9.
Removed 2168 SNPs with MAF <= 0.01.
Removed 0 SNPs with out-of-bounds p-values.
Removed 0 variants that were not SNPs or were strand-ambiguous.
525578 SNPs remain.
Removed 0 SNPs with duplicated rs numbers (525578 SNPs remain).
Removed 0 SNPs with N < 2371.33333333 (525578 SNPs remain).
Removed 0 SNPs whose alleles did not match --merge-alleles (525578 SNPs remain).
Writing summary statistics for 1217311 SNPs (525578 with nonmissing beta) to /rds/general/user/aa19618/home/ldsc/GWAS_munge/LBD_e4_pos_Kaivola_ldsc.sumstats.gz.

Metadata:
Mean chi^2 = 1.015
WARNING: mean chi^2 may be too small.
Lambda GC = 1.016
Max chi^2 = 23.661
0 Genome-wide significant SNPs (some may have been removed by filtering).

Conversion finished at Tue Jun 20 13:57:33 2023
Total time elapsed: 21.63s
