*********************************************************************
* LD Score Regression (LDSC)
* Version 1.0.1
* (C) 2014-2019 Brendan Bulik-Sullivan and Hilary Finucane
* Broad Institute of MIT and Harvard / MIT Department of Mathematics
* GNU General Public License v3
*********************************************************************
Call: 
./munge_sumstats.py \
--out /rds/general/user/aa19618/home/HMAGMA/GWAS_Summary/PD_files/PD_nalls_no23_r_py_2_ldsc \
--merge-alleles /rds/general/user/aa19618/home/ldsc/w_hm3.snplist \
--a1-inc  \
--chunksize 500000 \
--sumstats /rds/general/user/aa19618/home/HMAGMA/GWAS_Summary/PD_files/nallsEtAl2019_excluding23andMe_allVariants_munged_r.tsv.gz 

Interpreting column names as follows:
N_CAS:	Number of cases
A1:	Allele 1, interpreted as ref allele for signed sumstat.
P:	p-Value
FRQ:	Allele frequency
A2:	Allele 2, interpreted as non-ref allele for signed sumstat.
SNP:	Variant ID (e.g., rs number)
N_CON:	Number of controls

Reading list of SNPs for allele merge from /rds/general/user/aa19618/home/ldsc/w_hm3.snplist
Read 1217311 SNPs for allele merge.
Reading sumstats from /rds/general/user/aa19618/home/HMAGMA/GWAS_Summary/PD_files/nallsEtAl2019_excluding23andMe_allVariants_munged_r.tsv.gz into memory 500000 SNPs at a time.
Read 16468054 SNPs from --sumstats file.
Removed 15283793 SNPs not in --merge-alleles.
Removed 0 SNPs with missing values.
Removed 0 SNPs with INFO <= 0.9.
Removed 20771 SNPs with MAF <= 0.01.
Removed 0 SNPs with out-of-bounds p-values.
Removed 57 variants that were not SNPs or were strand-ambiguous.
1163433 SNPs remain.
Removed 0 SNPs with duplicated rs numbers (1163433 SNPs remain).
Removed 52956 SNPs with N < 321820.0 (1110477 SNPs remain).
Removed 0 SNPs whose alleles did not match --merge-alleles (1110477 SNPs remain).
Writing summary statistics for 1217311 SNPs (1110477 with nonmissing beta) to /rds/general/user/aa19618/home/HMAGMA/GWAS_Summary/PD_files/PD_nalls_no23_r_py_2_ldsc.sumstats.gz.

Metadata:
Mean chi^2 = 1.137
Lambda GC = 1.091
Max chi^2 = 180.422
267 Genome-wide significant SNPs (some may have been removed by filtering).

Conversion finished at Wed Feb  8 15:34:15 2023
Total time elapsed: 51.37s
