*********************************************************************
* LD Score Regression (LDSC)
* Version 1.0.1
* (C) 2014-2019 Brendan Bulik-Sullivan and Hilary Finucane
* Broad Institute of MIT and Harvard / MIT Department of Mathematics
* GNU General Public License v3
*********************************************************************
Call: 
./munge_sumstats.py \
--out /rds/general/user/aa19618/home/HMAGMA/GWAS_Summary/SCZ_files/SCZ_pgc3_ldsc \
--merge-alleles /rds/general/user/aa19618/home/ldsc/w_hm3.snplist \
--a1-inc  \
--chunksize 500000 \
--sumstats /rds/general/user/aa19618/home/HMAGMA/GWAS_Summary/SCZ_files/PGC3_SCZ_wave3.european.autosome.public.v3_renamed.vcf.tsv 

Interpreting column names as follows:
N_CAS:	Number of cases
A1:	Allele 1, interpreted as ref allele for signed sumstat.
PVAL:	p-Value
A2:	Allele 2, interpreted as non-ref allele for signed sumstat.
SNP:	Variant ID (e.g., rs number)
N_CON:	Number of controls

Reading list of SNPs for allele merge from /rds/general/user/aa19618/home/ldsc/w_hm3.snplist
Read 1217311 SNPs for allele merge.
Reading sumstats from /rds/general/user/aa19618/home/HMAGMA/GWAS_Summary/SCZ_files/PGC3_SCZ_wave3.european.autosome.public.v3_renamed.vcf.tsv into memory 500000 SNPs at a time.
Read 7659767 SNPs from --sumstats file.
Removed 6477963 SNPs not in --merge-alleles.
Removed 0 SNPs with missing values.
Removed 0 SNPs with INFO <= 0.9.
Removed 0 SNPs with MAF <= 0.01.
Removed 0 SNPs with out-of-bounds p-values.
Removed 0 variants that were not SNPs or were strand-ambiguous.
1181804 SNPs remain.
Removed 0 SNPs with duplicated rs numbers (1181804 SNPs remain).
Removed 2467 SNPs with N < 87096.0 (1179337 SNPs remain).
Removed 2 SNPs whose alleles did not match --merge-alleles (1179335 SNPs remain).
Writing summary statistics for 1217311 SNPs (1179335 with nonmissing beta) to /rds/general/user/aa19618/home/HMAGMA/GWAS_Summary/SCZ_files/SCZ_pgc3_ldsc.sumstats.gz.

Metadata:
Mean chi^2 = 2.058
Lambda GC = 1.746
Max chi^2 = 174.587
3529 Genome-wide significant SNPs (some may have been removed by filtering).

Conversion finished at Thu Dec 15 12:01:22 2022
Total time elapsed: 35.42s
