*********************************************************************
* LD Score Regression (LDSC)
* Version 1.0.1
* (C) 2014-2019 Brendan Bulik-Sullivan and Hilary Finucane
* Broad Institute of MIT and Harvard / MIT Department of Mathematics
* GNU General Public License v3
*********************************************************************
Call: 
./munge_sumstats.py \
--out /rds/general/user/aa19618/home/HMAGMA/GWAS_Summary/AD_files/AD_Jan_ldsc \
--merge-alleles /rds/general/user/aa19618/home/ldsc/w_hm3.snplist \
--a1-inc  \
--chunksize 500000 \
--sumstats /rds/general/user/aa19618/home/HMAGMA/GWAS_Summary/AD_files/AD_Jan.txt 

Interpreting column names as follows:
N:	Sample size
A1:	Allele 1, interpreted as ref allele for signed sumstat.
P:	p-Value
A2:	Allele 2, interpreted as non-ref allele for signed sumstat.
SNP:	Variant ID (e.g., rs number)
EAF:	Allele frequency

Reading list of SNPs for allele merge from /rds/general/user/aa19618/home/ldsc/w_hm3.snplist
Read 1217311 SNPs for allele merge.
Reading sumstats from /rds/general/user/aa19618/home/HMAGMA/GWAS_Summary/AD_files/AD_Jan.txt into memory 500000 SNPs at a time.
WARNING: 3 SNPs had P outside of (0,1]. The P column may be mislabeled.
Read 13367299 SNPs from --sumstats file.
Removed 12105158 SNPs not in --merge-alleles.
Removed 57861 SNPs with missing values.
Removed 0 SNPs with INFO <= 0.9.
Removed 12364 SNPs with MAF <= 0.01.
Removed 3 SNPs with out-of-bounds p-values.
Removed 14 variants that were not SNPs or were strand-ambiguous.
1191899 SNPs remain.
Removed 7 SNPs with duplicated rs numbers (1191892 SNPs remain).
Removed 45761 SNPs with N < 290998.666667 (1146131 SNPs remain).
Removed 22 SNPs whose alleles did not match --merge-alleles (1146109 SNPs remain).
Writing summary statistics for 1217311 SNPs (1146109 with nonmissing beta) to /rds/general/user/aa19618/home/HMAGMA/GWAS_Summary/AD_files/AD_Jan_ldsc.sumstats.gz.

Metadata:
Mean chi^2 = 1.125
Lambda GC = 1.085
Max chi^2 = 1009.111
315 Genome-wide significant SNPs (some may have been removed by filtering).

Conversion finished at Fri Feb  3 16:24:24 2023
Total time elapsed: 47.59s
