*********************************************************************
* LD Score Regression (LDSC)
* Version 1.0.1
* (C) 2014-2019 Brendan Bulik-Sullivan and Hilary Finucane
* Broad Institute of MIT and Harvard / MIT Department of Mathematics
* GNU General Public License v3
*********************************************************************
Call: 
./munge_sumstats.py \
--out /rds/general/user/aa19618/home/ldsc/GWAS_munge/LBD_e4_neg_Kaivola_ldsc \
--merge-alleles /rds/general/user/aa19618/home/ldsc/w_hm3.snplist \
--a1-inc  \
--chunksize 500000 \
--sumstats /rds/general/user/aa19618/home/HMAGMA/GWAS_Summary/LBD_files/e4_neg/GCST90093377_buildGRCh37_munged_r.tsv.gz 

Interpreting column names as follows:
N_CAS:	Number of cases
A1:	Allele 1, interpreted as ref allele for signed sumstat.
P:	p-Value
FRQ:	Allele frequency
A2:	Allele 2, interpreted as non-ref allele for signed sumstat.
SNP:	Variant ID (e.g., rs number)
N_CON:	Number of controls

Reading list of SNPs for allele merge from /rds/general/user/aa19618/home/ldsc/w_hm3.snplist
Read 1217311 SNPs for allele merge.
Reading sumstats from /rds/general/user/aa19618/home/HMAGMA/GWAS_Summary/LBD_files/e4_neg/GCST90093377_buildGRCh37_munged_r.tsv.gz into memory 500000 SNPs at a time.
Read 3972079 SNPs from --sumstats file.
Removed 3443898 SNPs not in --merge-alleles.
Removed 0 SNPs with missing values.
Removed 0 SNPs with INFO <= 0.9.
Removed 782 SNPs with MAF <= 0.01.
Removed 0 SNPs with out-of-bounds p-values.
Removed 0 variants that were not SNPs or were strand-ambiguous.
527399 SNPs remain.
Removed 0 SNPs with duplicated rs numbers (527399 SNPs remain).
Removed 0 SNPs with N < 1224.66666667 (527399 SNPs remain).
Removed 0 SNPs whose alleles did not match --merge-alleles (527399 SNPs remain).
Writing summary statistics for 1217311 SNPs (527399 with nonmissing beta) to /rds/general/user/aa19618/home/ldsc/GWAS_munge/LBD_e4_neg_Kaivola_ldsc.sumstats.gz.

Metadata:
Mean chi^2 = 1.009
WARNING: mean chi^2 may be too small.
Lambda GC = 1.01
Max chi^2 = 29.477
1 Genome-wide significant SNPs (some may have been removed by filtering).

Conversion finished at Tue Jun 20 13:51:04 2023
Total time elapsed: 23.77s
