*********************************************************************
* LD Score Regression (LDSC)
* Version 1.0.1
* (C) 2014-2019 Brendan Bulik-Sullivan and Hilary Finucane
* Broad Institute of MIT and Harvard / MIT Department of Mathematics
* GNU General Public License v3
*********************************************************************
Call: 
./munge_sumstats.py \
--out /rds/general/user/aa19618/home/HMAGMA/GWAS_Summary/MS_files/MS_Andlauer_ldsc \
--merge-alleles /rds/general/user/aa19618/home/ldsc/w_hm3.snplist \
--a1-inc  \
--N-con 10395.0 \
--chunksize 500000 \
--N-cas 4888.0 \
--sumstats /rds/general/user/aa19618/home/HMAGMA/GWAS_Summary/MS_files/GCST003566_buildGRCh37_renamed.tsv 

Interpreting column names as follows:
A1:	Allele 1, interpreted as ref allele for signed sumstat.
P:	p-Value
FRQ:	Allele frequency
A2:	Allele 2, interpreted as non-ref allele for signed sumstat.
SNP:	Variant ID (e.g., rs number)

Reading list of SNPs for allele merge from /rds/general/user/aa19618/home/ldsc/w_hm3.snplist
Read 1217311 SNPs for allele merge.
Reading sumstats from /rds/general/user/aa19618/home/HMAGMA/GWAS_Summary/MS_files/GCST003566_buildGRCh37_renamed.tsv into memory 500000 SNPs at a time.
Read 7968107 SNPs from --sumstats file.
Removed 6779299 SNPs not in --merge-alleles.
Removed 36737 SNPs with missing values.
Removed 0 SNPs with INFO <= 0.9.
Removed 440 SNPs with MAF <= 0.01.
Removed 0 SNPs with out-of-bounds p-values.
Removed 0 variants that were not SNPs or were strand-ambiguous.
1151631 SNPs remain.
Removed 0 SNPs with duplicated rs numbers (1151631 SNPs remain).
Removed 0 SNPs whose alleles did not match --merge-alleles (1151631 SNPs remain).
Writing summary statistics for 1217311 SNPs (1151631 with nonmissing beta) to /rds/general/user/aa19618/home/HMAGMA/GWAS_Summary/MS_files/MS_Andlauer_ldsc.sumstats.gz.

Metadata:
Mean chi^2 = 1.175
Lambda GC = 1.125
Max chi^2 = 968.885
390 Genome-wide significant SNPs (some may have been removed by filtering).

Conversion finished at Wed Dec 14 15:41:46 2022
Total time elapsed: 31.63s
