*********************************************************************
* LD Score Regression (LDSC)
* Version 1.0.1
* (C) 2014-2019 Brendan Bulik-Sullivan and Hilary Finucane
* Broad Institute of MIT and Harvard / MIT Department of Mathematics
* GNU General Public License v3
*********************************************************************
Call: 
./munge_sumstats.py \
--out /rds/general/user/aa19618/home/ldsc/GWAS_munge/SCZ_PardinasInfo9_ldsc \
--merge-alleles /rds/general/user/aa19618/home/ldsc/w_hm3.snplist \
--a1-inc  \
--frq Freq.A1 \
--chunksize 500000 \
--sumstats /rds/general/user/aa19618/home/HMAGMA/GWAS_Summary/SCZ_pardinas/clozuk_pgc2.meta.sumstats.info9.filtered_LDSC_MUNGE.txt 

Interpreting column names as follows:
Freq.A1:	Allele frequency
N_CAS:	Number of cases
N:	Sample size
A1:	Allele 1, interpreted as ref allele for signed sumstat.
P:	p-Value
A2:	Allele 2, interpreted as non-ref allele for signed sumstat.
SNP:	Variant ID (e.g., rs number)
N_CON:	Number of controls

Reading list of SNPs for allele merge from /rds/general/user/aa19618/home/ldsc/w_hm3.snplist
Read 1217311 SNPs for allele merge.
Reading sumstats from /rds/general/user/aa19618/home/HMAGMA/GWAS_Summary/SCZ_pardinas/clozuk_pgc2.meta.sumstats.info9.filtered_LDSC_MUNGE.txt into memory 500000 SNPs at a time.
Read 5471114 SNPs from --sumstats file.
Removed 4477524 SNPs not in --merge-alleles.
Removed 0 SNPs with missing values.
Removed 0 SNPs with INFO <= 0.9.
Removed 1670 SNPs with MAF <= 0.01.
Removed 0 SNPs with out-of-bounds p-values.
Removed 0 variants that were not SNPs or were strand-ambiguous.
991920 SNPs remain.
Removed 0 SNPs with duplicated rs numbers (991920 SNPs remain).
Removed 0 SNPs with N < 70212.0 (991920 SNPs remain).
Removed 0 SNPs whose alleles did not match --merge-alleles (991920 SNPs remain).
Writing summary statistics for 1217311 SNPs (991920 with nonmissing beta) to /rds/general/user/aa19618/home/ldsc/GWAS_munge/SCZ_PardinasInfo9_ldsc.sumstats.gz.

Metadata:
Mean chi^2 = 2.053
Lambda GC = 1.748
Max chi^2 = 180.844
2551 Genome-wide significant SNPs (some may have been removed by filtering).

Conversion finished at Fri Apr 21 17:02:45 2023
Total time elapsed: 43.19s
